<?xml version="1.0" encoding="UTF-8"?>
<testng-results ignored="0" total="4" passed="4" failed="0" skipped="0">
  <reporter-output>
  </reporter-output>
  <suite started-at="2024-08-22T15:33:37Z" name="Default suite" finished-at="2024-08-22T15:36:02Z" duration-ms="144656">
    <groups>
    </groups>
    <test started-at="2024-08-22T15:33:37Z" name="Default test" finished-at="2024-08-22T15:36:02Z" duration-ms="144656">
      <class name="test.OpenInAppTest">
        <test-method is-config="true" signature="setUp()[pri:0, instance:test.OpenInAppTest@36cda2c2]" started-at="2024-08-22T21:03:37Z" name="setUp" finished-at="2024-08-22T21:03:54Z" duration-ms="16522" status="PASS">
          <reporter-output>
          </reporter-output>
        </test-method> <!-- setUp -->
        <test-method signature="loginTest()[pri:0, instance:test.OpenInAppTest@36cda2c2]" started-at="2024-08-22T21:03:54Z" name="loginTest" finished-at="2024-08-22T21:04:18Z" duration-ms="24496" status="PASS">
          <reporter-output>
          </reporter-output>
        </test-method> <!-- loginTest -->
        <test-method signature="linkGenarate()[pri:1, instance:test.OpenInAppTest@36cda2c2]" started-at="2024-08-22T21:04:18Z" name="linkGenarate" finished-at="2024-08-22T21:05:45Z" duration-ms="86806" status="PASS">
          <reporter-output>
          </reporter-output>
        </test-method> <!-- linkGenarate -->
        <test-method signature="instagramLogin()[pri:2, instance:test.OpenInAppTest@36cda2c2]" started-at="2024-08-22T21:05:45Z" name="instagramLogin" finished-at="2024-08-22T21:05:50Z" duration-ms="4456" status="PASS">
          <reporter-output>
          </reporter-output>
        </test-method> <!-- instagramLogin -->
        <test-method signature="addLinksBio()[pri:3, instance:test.OpenInAppTest@36cda2c2]" started-at="2024-08-22T21:05:50Z" name="addLinksBio" finished-at="2024-08-22T21:06:02Z" duration-ms="12353" status="PASS">
          <reporter-output>
          </reporter-output>
        </test-method> <!-- addLinksBio -->
        <test-method is-config="true" signature="teardown()[pri:0, instance:test.OpenInAppTest@36cda2c2]" started-at="2024-08-22T21:06:02Z" name="teardown" finished-at="2024-08-22T21:06:02Z" duration-ms="1" status="PASS">
          <reporter-output>
          </reporter-output>
        </test-method> <!-- teardown -->
      </class> <!-- test.OpenInAppTest -->
    </test> <!-- Default test -->
  </suite> <!-- Default suite -->
</testng-results>
